mvn : WARNING: A restricted method in java.lang.System 
has been called
Au caractère Ligne:1 : 1
+ mvn clean compile -DskipTests 2>&1 | Out-File -FilePath 
build-error2. ...
+ ~~~~~~~~~~~~~~~~~~~~~~~~~~~~~~~~~~
    + CategoryInfo          : NotSpecified: (WARNING: A r 
   est...has been called:String) [], RemoteException
    + FullyQualifiedErrorId : NativeCommandError
 
WARNING: java.lang.System::load has been called by 
org.fusesource.jansi.internal.JansiLoader in an unnamed 
module (file:/C:/Program%20Files/apache-maven-3.8.6/lib/ja
nsi-2.4.0.jar)
WARNING: Use --enable-native-access=ALL-UNNAMED to avoid 
a warning for callers in this module
WARNING: Restricted methods will be blocked in a future 
release unless native access is enabled

WARNING: A terminally deprecated method in 
sun.misc.Unsafe has been called
WARNING: sun.misc.Unsafe::objectFieldOffset has been 
called by com.google.common.util.concurrent.AbstractFuture
$UnsafeAtomicHelper (file:/C:/Program%20Files/apache-maven
-3.8.6/lib/guava-25.1-android.jar)
WARNING: Please consider reporting this to the 
maintainers of class com.google.common.util.concurrent.Abs
tractFuture$UnsafeAtomicHelper
WARNING: sun.misc.Unsafe::objectFieldOffset will be 
removed in a future release
[INFO] Scanning for projects...
[INFO] 
[INFO] --------------------------< com.example:car >---------------------------
[INFO] Building car 0.0.1-SNAPSHOT
[INFO] --------------------------------[ jar ]---------------------------------
[INFO] 
[INFO] --- maven-clean-plugin:3.3.2:clean (default-clean) @ car ---
[INFO] Deleting D:\EMSIIIII\S9\Architecture-MicroServices\TPS\TP32\jenkins2\car\target
[INFO] 
[INFO] --- maven-resources-plugin:3.3.1:resources (default-resources) @ car ---
[INFO] Copying 1 resource from src\main\resources to target\classes
[INFO] Copying 0 resource from src\main\resources to target\classes
[INFO] 
[INFO] --- maven-compiler-plugin:3.11.0:compile (default-compile) @ car ---
[INFO] Changes detected - recompiling the module! :source
[INFO] Compiling 7 source files with javac [debug release 17] to target\classes
[INFO] ------------------------------------------------------------------------
[INFO] BUILD FAILURE
[INFO] ------------------------------------------------------------------------
[INFO] Total time:  3.352 s
[INFO] Finished at: 2025-12-30T02:15:49+01:00
[INFO] ------------------------------------------------------------------------
[ERROR] Failed to execute goal org.apache.maven.plugins:maven-compiler-plugin:3.11.0:compile (default-compile) on project car: Fatal error compiling: java.lang.ExceptionInInitializerError: com.sun.tools.javac.code.TypeTag :: UNKNOWN -> [Help 1]
[ERROR] 
[ERROR] To see the full stack trace of the errors, re-run Maven with the -e switch.
[ERROR] Re-run Maven using the -X switch to enable full debug logging.
[ERROR] 
[ERROR] For more information about the errors and possible solutions, please read the following articles:
[ERROR] [Help 1] http://cwiki.apache.org/confluence/display/MAVEN/MojoExecutionException
